2024-04-24 11:12:48:1248 - [32minfo[39m: [32mA aplicação está funcionando na porta: 3000[39m
2024-04-24 11:14:30:1430 - [32minfo[39m: [32mA aplicação está funcionando na porta: 3000[39m
2024-04-24 11:14:39:1439 - [32minfo[39m: [32mA aplicação está funcionando na porta: 3000[39m
2024-04-24 11:14:49:1449 - [32minfo[39m: [32mA aplicação está funcionando na porta: 3000[39m
2024-04-24 11:14:58:1458 - [32minfo[39m: [32mConectou ao banco de dados[39m
2024-04-24 11:14:58:1458 - [32minfo[39m: [32mA aplicação está funcionando na porta: 3000[39m
2024-04-24 11:15:17:1517 - [31merror[39m: [31mNão foi possivel conectar ao banco de Dados[39m
2024-04-24 11:15:17:1517 - [31merror[39m: [31mErro: Error: querySrv ENOTFOUND _mongodb._tcp.cluster0.lt   1gna.mongodb.net[39m
2024-04-24 11:15:17:1517 - [32minfo[39m: [32mA aplicação está funcionando na porta: 3000[39m
2024-04-24 11:15:25:1525 - [32minfo[39m: [32mConectou ao banco de dados[39m
2024-04-24 11:15:25:1525 - [32minfo[39m: [32mA aplicação está funcionando na porta: 3000[39m
2024-04-24 11:16:23:1623 - [32minfo[39m: [32mConectou ao banco de dados[39m
2024-04-24 11:16:23:1623 - [32minfo[39m: [32mA aplicação está funcionando na porta: 3000[39m
2024-04-24 11:16:28:1628 - [32minfo[39m: [32mConectou ao banco de dados[39m
2024-04-24 11:16:28:1628 - [32minfo[39m: [32mA aplicação está funcionando na porta: 3000[39m
2024-05-01 22:41:51:4151 - [32minfo[39m: [32mConectou ao banco de dados[39m
2024-05-01 22:41:51:4151 - [32minfo[39m: [32mA aplicação está funcionando na porta: 3000[39m
2024-05-01 22:45:23:4523 - [32minfo[39m: [32mConectou ao banco de dados[39m
2024-05-01 22:45:23:4523 - [32minfo[39m: [32mA aplicação está funcionando na porta: 3000[39m
2024-05-01 22:45:25:4525 - [32minfo[39m: [32mConectou ao banco de dados[39m
2024-05-01 22:45:25:4525 - [32minfo[39m: [32mA aplicação está funcionando na porta: 3000[39m
2024-05-01 22:45:30:4530 - [32minfo[39m: [32mConectou ao banco de dados[39m
2024-05-01 22:45:30:4530 - [32minfo[39m: [32mA aplicação está funcionando na porta: 3000[39m
2024-05-01 22:45:43:4543 - [32minfo[39m: [32mConectou ao banco de dados[39m
2024-05-01 22:45:43:4543 - [32minfo[39m: [32mA aplicação está funcionando na porta: 3000[39m
2024-05-01 22:45:51:4551 - [32minfo[39m: [32mConectou ao banco de dados[39m
2024-05-01 22:45:51:4551 - [32minfo[39m: [32mA aplicação está funcionando na porta: 3000[39m
2024-05-01 22:46:01:461 - [32minfo[39m: [32mConectou ao banco de dados[39m
2024-05-01 22:46:01:461 - [32minfo[39m: [32mA aplicação está funcionando na porta: 3000[39m
2024-05-01 22:46:30:4630 - [32minfo[39m: [32mConectou ao banco de dados[39m
2024-05-01 22:46:30:4630 - [32minfo[39m: [32mA aplicação está funcionando na porta: 3000[39m
2024-05-01 22:46:58:4658 - [32minfo[39m: [32mConectou ao banco de dados[39m
2024-05-01 22:46:58:4658 - [32minfo[39m: [32mA aplicação está funcionando na porta: 3000[39m
2024-05-01 22:47:09:479 - [32minfo[39m: [32mConectou ao banco de dados[39m
2024-05-01 22:47:09:479 - [32minfo[39m: [32mA aplicação está funcionando na porta: 3000[39m
2024-05-01 22:47:49:4749 - [32minfo[39m: [32mConectou ao banco de dados[39m
2024-05-01 22:47:49:4749 - [32minfo[39m: [32mA aplicação está funcionando na porta: 3000[39m
2024-05-01 22:47:53:4753 - [32minfo[39m: [32mConectou ao banco de dados[39m
2024-05-01 22:47:53:4753 - [32minfo[39m: [32mA aplicação está funcionando na porta: 3000[39m
2024-05-01 22:47:58:4758 - [32minfo[39m: [32mConectou ao banco de dados[39m
2024-05-01 22:47:58:4758 - [32minfo[39m: [32mA aplicação está funcionando na porta: 3000[39m
2024-05-01 22:48:04:484 - [32minfo[39m: [32mConectou ao banco de dados[39m
2024-05-01 22:48:04:484 - [32minfo[39m: [32mA aplicação está funcionando na porta: 3000[39m
2024-05-01 22:51:22:5122 - [32minfo[39m: [32mConectou ao banco de dados[39m
2024-05-01 22:51:22:5122 - [32minfo[39m: [32mA aplicação está funcionando na porta: 3000[39m
2024-05-01 22:53:51:5351 - [32minfo[39m: [32mConectou ao banco de dados[39m
2024-05-01 22:53:51:5351 - [32minfo[39m: [32mA aplicação está funcionando na porta: 3000[39m
2024-05-01 22:55:11:5511 - [32minfo[39m: [32mConectou ao banco de dados[39m
2024-05-01 22:55:11:5511 - [32minfo[39m: [32mA aplicação está funcionando na porta: 3000[39m
2024-05-01 22:56:02:562 - [32minfo[39m: [32mConectou ao banco de dados[39m
2024-05-01 22:56:02:562 - [32minfo[39m: [32mA aplicação está funcionando na porta: 3000[39m
2024-05-01 22:57:00:570 - [32minfo[39m: [32mConectou ao banco de dados[39m
2024-05-01 22:57:00:570 - [32minfo[39m: [32mA aplicação está funcionando na porta: 3000[39m
2024-05-01 23:07:20:720 - [35mhttp[39m: [35mPOST /api/test 404 148 - response-time ms[39m
[35m[39m
2024-05-01 23:08:24:824 - [35mhttp[39m: [35mPOST /api/test 404 148 - response-time ms[39m
[35m[39m
2024-05-01 23:09:31:931 - [32minfo[39m: [32mConectou ao banco de dados[39m
2024-05-01 23:09:31:931 - [32minfo[39m: [32mA aplicação está funcionando na porta: 3000[39m
2024-05-01 23:10:34:1034 - [35mhttp[39m: [35mPUT /api/test 404 147 - response-time ms[39m
[35m[39m
2024-05-01 23:14:34:1434 - [32minfo[39m: [32mConectou ao banco de dados[39m
2024-05-01 23:14:34:1434 - [32minfo[39m: [32mA aplicação está funcionando na porta: 3000[39m
2024-05-01 23:14:48:1448 - [35mhttp[39m: [35mPUT /api/test 404 147 - response-time ms[39m
[35m[39m
2024-05-01 23:15:06:156 - [35mhttp[39m: [35mPOST /api/test 404 148 - response-time ms[39m
[35m[39m
2024-05-01 23:34:52:3452 - [32minfo[39m: [32mConectou ao banco de dados[39m
2024-05-01 23:34:52:3452 - [32minfo[39m: [32mA aplicação está funcionando na porta: 3000[39m
2024-05-01 23:34:56:3456 - [32minfo[39m: [32mConectou ao banco de dados[39m
2024-05-01 23:34:56:3456 - [32minfo[39m: [32mA aplicação está funcionando na porta: 3000[39m
2024-05-01 23:35:26:3526 - [32minfo[39m: [32mConectou ao banco de dados[39m
2024-05-01 23:35:26:3526 - [32minfo[39m: [32mA aplicação está funcionando na porta: 3000[39m
2024-05-01 23:35:35:3535 - [32minfo[39m: [32mConectou ao banco de dados[39m
2024-05-01 23:35:35:3535 - [32minfo[39m: [32mA aplicação está funcionando na porta: 3000[39m
2024-05-01 23:37:44:3744 - [35mhttp[39m: [35mPOST /api/api/movie 404 153 - response-time ms[39m
[35m[39m
2024-05-10 16:48:19:4819 - [32minfo[39m: [32mConectou ao banco de dados[39m
2024-05-10 16:48:19:4819 - [32minfo[39m: [32mA aplicação está funcionando na porta: 3000[39m
2024-05-10 16:52:03:523 - [32minfo[39m: [32mConectou ao banco de dados[39m
2024-05-10 16:52:03:523 - [32minfo[39m: [32mA aplicação está funcionando na porta: 3000[39m
2024-05-10 16:52:16:5216 - [32minfo[39m: [32mConectou ao banco de dados[39m
2024-05-10 16:52:16:5216 - [32minfo[39m: [32mA aplicação está funcionando na porta: 3000[39m
2024-05-10 16:52:19:5219 - [32minfo[39m: [32mConectou ao banco de dados[39m
2024-05-10 16:52:19:5219 - [32minfo[39m: [32mA aplicação está funcionando na porta: 3000[39m
2024-05-10 16:52:28:5228 - [32minfo[39m: [32mConectou ao banco de dados[39m
2024-05-10 16:52:28:5228 - [32minfo[39m: [32mA aplicação está funcionando na porta: 3000[39m
2024-05-10 16:52:38:5238 - [32minfo[39m: [32mConectou ao banco de dados[39m
2024-05-10 16:52:38:5238 - [32minfo[39m: [32mA aplicação está funcionando na porta: 3000[39m
2024-05-10 16:53:04:534 - [32minfo[39m: [32mConectou ao banco de dados[39m
2024-05-10 16:53:04:534 - [32minfo[39m: [32mA aplicação está funcionando na porta: 3000[39m
2024-05-10 16:53:09:539 - [32minfo[39m: [32mConectou ao banco de dados[39m
2024-05-10 16:53:09:539 - [32minfo[39m: [32mA aplicação está funcionando na porta: 3000[39m
2024-05-10 16:53:14:5314 - [32minfo[39m: [32mConectou ao banco de dados[39m
2024-05-10 16:53:14:5314 - [32minfo[39m: [32mA aplicação está funcionando na porta: 3000[39m
2024-05-10 16:53:23:5323 - [32minfo[39m: [32mConectou ao banco de dados[39m
2024-05-10 16:53:23:5323 - [32minfo[39m: [32mA aplicação está funcionando na porta: 3000[39m
2024-05-10 16:53:26:5326 - [32minfo[39m: [32mConectou ao banco de dados[39m
2024-05-10 16:53:26:5326 - [32minfo[39m: [32mA aplicação está funcionando na porta: 3000[39m
2024-05-10 16:53:37:5337 - [32minfo[39m: [32mConectou ao banco de dados[39m
2024-05-10 16:53:37:5337 - [32minfo[39m: [32mA aplicação está funcionando na porta: 3000[39m
2024-05-10 16:53:43:5343 - [32minfo[39m: [32mConectou ao banco de dados[39m
2024-05-10 16:53:43:5343 - [32minfo[39m: [32mA aplicação está funcionando na porta: 3000[39m
2024-05-10 16:53:53:5353 - [32minfo[39m: [32mConectou ao banco de dados[39m
2024-05-10 16:53:53:5353 - [32minfo[39m: [32mA aplicação está funcionando na porta: 3000[39m
2024-05-10 16:54:24:5424 - [32minfo[39m: [32mConectou ao banco de dados[39m
2024-05-10 16:54:24:5424 - [32minfo[39m: [32mA aplicação está funcionando na porta: 3000[39m
2024-05-10 16:58:42:5842 - [32minfo[39m: [32mConectou ao banco de dados[39m
2024-05-10 16:58:42:5842 - [32minfo[39m: [32mA aplicação está funcionando na porta: 3000[39m
2024-05-12 21:46:59:4659 - [32minfo[39m: [32mConectou ao banco de dados[39m
2024-05-12 21:46:59:4659 - [32minfo[39m: [32mA aplicação está funcionando na porta: 3000[39m
2024-05-12 21:47:04:474 - [32minfo[39m: [32mConectou ao banco de dados[39m
2024-05-12 21:47:04:474 - [32minfo[39m: [32mA aplicação está funcionando na porta: 3000[39m
2024-05-12 21:47:10:4710 - [32minfo[39m: [32mConectou ao banco de dados[39m
2024-05-12 21:47:10:4710 - [32minfo[39m: [32mA aplicação está funcionando na porta: 3000[39m
2024-05-12 21:47:41:4741 - [32minfo[39m: [32mConectou ao banco de dados[39m
2024-05-12 21:47:41:4741 - [32minfo[39m: [32mA aplicação está funcionando na porta: 3000[39m
2024-05-12 21:47:44:4744 - [32minfo[39m: [32mConectou ao banco de dados[39m
2024-05-12 21:47:44:4744 - [32minfo[39m: [32mA aplicação está funcionando na porta: 3000[39m
2024-05-12 21:47:51:4751 - [32minfo[39m: [32mConectou ao banco de dados[39m
2024-05-12 21:47:51:4751 - [32minfo[39m: [32mA aplicação está funcionando na porta: 3000[39m
2024-05-12 21:47:57:4757 - [32minfo[39m: [32mConectou ao banco de dados[39m
2024-05-12 21:47:57:4757 - [32minfo[39m: [32mA aplicação está funcionando na porta: 3000[39m
2024-05-12 21:48:12:4812 - [32minfo[39m: [32mConectou ao banco de dados[39m
2024-05-12 21:48:12:4812 - [32minfo[39m: [32mA aplicação está funcionando na porta: 3000[39m
2024-05-12 21:49:38:4938 - [32minfo[39m: [32mConectou ao banco de dados[39m
2024-05-12 21:49:38:4938 - [32minfo[39m: [32mA aplicação está funcionando na porta: 3000[39m
2024-05-12 21:50:33:5033 - [32minfo[39m: [32mConectou ao banco de dados[39m
2024-05-12 21:50:33:5033 - [32minfo[39m: [32mA aplicação está funcionando na porta: 3000[39m
2024-05-12 21:50:49:5049 - [32minfo[39m: [32mConectou ao banco de dados[39m
2024-05-12 21:50:49:5049 - [32minfo[39m: [32mA aplicação está funcionando na porta: 3000[39m
2024-05-12 21:52:52:5252 - [32minfo[39m: [32mConectou ao banco de dados[39m
2024-05-12 21:52:52:5252 - [32minfo[39m: [32mA aplicação está funcionando na porta: 3000[39m
2024-05-12 21:53:15:5315 - [32minfo[39m: [32mConectou ao banco de dados[39m
2024-05-12 21:53:15:5315 - [32minfo[39m: [32mA aplicação está funcionando na porta: 3000[39m
2024-05-12 21:53:22:5322 - [32minfo[39m: [32mConectou ao banco de dados[39m
2024-05-12 21:53:22:5322 - [32minfo[39m: [32mA aplicação está funcionando na porta: 3000[39m
2024-05-12 21:53:31:5331 - [32minfo[39m: [32mConectou ao banco de dados[39m
2024-05-12 21:53:31:5331 - [32minfo[39m: [32mA aplicação está funcionando na porta: 3000[39m
2024-05-12 21:53:52:5352 - [32minfo[39m: [32mConectou ao banco de dados[39m
2024-05-12 21:53:52:5352 - [32minfo[39m: [32mA aplicação está funcionando na porta: 3000[39m
2024-05-12 21:53:58:5358 - [32minfo[39m: [32mConectou ao banco de dados[39m
2024-05-12 21:53:58:5358 - [32minfo[39m: [32mA aplicação está funcionando na porta: 3000[39m
2024-05-12 21:54:17:5417 - [32minfo[39m: [32mConectou ao banco de dados[39m
2024-05-12 21:54:17:5417 - [32minfo[39m: [32mA aplicação está funcionando na porta: 3000[39m
2024-05-12 21:54:26:5426 - [32minfo[39m: [32mConectou ao banco de dados[39m
2024-05-12 21:54:26:5426 - [32minfo[39m: [32mA aplicação está funcionando na porta: 3000[39m
2024-05-12 21:57:03:573 - [32minfo[39m: [32mConectou ao banco de dados[39m
2024-05-12 21:57:03:573 - [32minfo[39m: [32mA aplicação está funcionando na porta: 3000[39m
2024-05-12 21:57:06:576 - [32minfo[39m: [32mConectou ao banco de dados[39m
2024-05-12 21:57:06:576 - [32minfo[39m: [32mA aplicação está funcionando na porta: 3000[39m
2024-05-12 21:57:11:5711 - [32minfo[39m: [32mConectou ao banco de dados[39m
2024-05-12 21:57:11:5711 - [32minfo[39m: [32mA aplicação está funcionando na porta: 3000[39m
2024-05-12 21:57:17:5717 - [32minfo[39m: [32mConectou ao banco de dados[39m
2024-05-12 21:57:17:5717 - [32minfo[39m: [32mA aplicação está funcionando na porta: 3000[39m
2024-05-12 21:58:04:584 - [32minfo[39m: [32mConectou ao banco de dados[39m
2024-05-12 21:58:04:584 - [32minfo[39m: [32mA aplicação está funcionando na porta: 3000[39m
2024-05-14 18:30:10:3010 - [32minfo[39m: [32mConectou ao banco de dados[39m
2024-05-14 18:30:10:3010 - [32minfo[39m: [32mA aplicação está funcionando na porta: 3000[39m
2024-05-14 18:32:02:322 - [32minfo[39m: [32mConectou ao banco de dados[39m
2024-05-14 18:32:02:322 - [32minfo[39m: [32mA aplicação está funcionando na porta: 3000[39m
2024-05-14 18:32:06:326 - [32minfo[39m: [32mConectou ao banco de dados[39m
2024-05-14 18:32:06:326 - [32minfo[39m: [32mA aplicação está funcionando na porta: 3000[39m
2024-05-14 18:32:11:3211 - [32minfo[39m: [32mConectou ao banco de dados[39m
2024-05-14 18:32:11:3211 - [32minfo[39m: [32mA aplicação está funcionando na porta: 3000[39m
2024-05-14 18:32:27:3227 - [32minfo[39m: [32mConectou ao banco de dados[39m
2024-05-14 18:32:27:3227 - [32minfo[39m: [32mA aplicação está funcionando na porta: 3000[39m
2024-05-14 18:32:35:3235 - [32minfo[39m: [32mConectou ao banco de dados[39m
2024-05-14 18:32:35:3235 - [32minfo[39m: [32mA aplicação está funcionando na porta: 3000[39m
2024-05-14 18:32:40:3240 - [32minfo[39m: [32mConectou ao banco de dados[39m
2024-05-14 18:32:40:3240 - [32minfo[39m: [32mA aplicação está funcionando na porta: 3000[39m
2024-05-14 18:32:44:3244 - [32minfo[39m: [32mConectou ao banco de dados[39m
2024-05-14 18:32:44:3244 - [32minfo[39m: [32mA aplicação está funcionando na porta: 3000[39m
2024-05-14 18:33:54:3354 - [32minfo[39m: [32mConectou ao banco de dados[39m
2024-05-14 18:33:54:3354 - [32minfo[39m: [32mA aplicação está funcionando na porta: 3000[39m
2024-05-14 18:34:03:343 - [32minfo[39m: [32mConectou ao banco de dados[39m
2024-05-14 18:34:03:343 - [32minfo[39m: [32mA aplicação está funcionando na porta: 3000[39m
2024-05-14 18:34:20:3420 - [32minfo[39m: [32mConectou ao banco de dados[39m
2024-05-14 18:34:20:3420 - [32minfo[39m: [32mA aplicação está funcionando na porta: 3000[39m
2024-05-14 18:34:31:3431 - [32minfo[39m: [32mConectou ao banco de dados[39m
2024-05-14 18:34:31:3431 - [32minfo[39m: [32mA aplicação está funcionando na porta: 3000[39m
2024-05-14 18:34:34:3434 - [32minfo[39m: [32mConectou ao banco de dados[39m
2024-05-14 18:34:34:3434 - [32minfo[39m: [32mA aplicação está funcionando na porta: 3000[39m
2024-05-14 18:34:40:3440 - [32minfo[39m: [32mConectou ao banco de dados[39m
2024-05-14 18:34:40:3440 - [32minfo[39m: [32mA aplicação está funcionando na porta: 3000[39m
2024-05-14 18:34:45:3445 - [32minfo[39m: [32mConectou ao banco de dados[39m
2024-05-14 18:34:45:3445 - [32minfo[39m: [32mA aplicação está funcionando na porta: 3000[39m
2024-05-14 18:34:54:3454 - [32minfo[39m: [32mConectou ao banco de dados[39m
2024-05-14 18:34:54:3454 - [32minfo[39m: [32mA aplicação está funcionando na porta: 3000[39m
2024-05-14 18:34:59:3459 - [32minfo[39m: [32mConectou ao banco de dados[39m
2024-05-14 18:34:59:3459 - [32minfo[39m: [32mA aplicação está funcionando na porta: 3000[39m
2024-05-14 18:35:02:352 - [32minfo[39m: [32mConectou ao banco de dados[39m
2024-05-14 18:35:02:352 - [32minfo[39m: [32mA aplicação está funcionando na porta: 3000[39m
2024-05-14 18:35:09:359 - [32minfo[39m: [32mConectou ao banco de dados[39m
2024-05-14 18:35:09:359 - [32minfo[39m: [32mA aplicação está funcionando na porta: 3000[39m
2024-05-14 18:38:25:3825 - [32minfo[39m: [32mConectou ao banco de dados[39m
2024-05-14 18:38:25:3825 - [32minfo[39m: [32mA aplicação está funcionando na porta: 3000[39m
2024-05-14 18:39:04:394 - [32minfo[39m: [32mConectou ao banco de dados[39m
2024-05-14 18:39:04:394 - [32minfo[39m: [32mA aplicação está funcionando na porta: 3000[39m
2024-05-14 18:39:58:3958 - [32minfo[39m: [32mConectou ao banco de dados[39m
2024-05-14 18:39:58:3958 - [32minfo[39m: [32mA aplicação está funcionando na porta: 3000[39m
2024-05-14 18:40:03:403 - [32minfo[39m: [32mConectou ao banco de dados[39m
2024-05-14 18:40:03:403 - [32minfo[39m: [32mA aplicação está funcionando na porta: 3000[39m
2024-05-14 18:40:14:4014 - [32minfo[39m: [32mConectou ao banco de dados[39m
2024-05-14 18:40:14:4014 - [32minfo[39m: [32mA aplicação está funcionando na porta: 3000[39m
2024-05-14 18:40:17:4017 - [32minfo[39m: [32mConectou ao banco de dados[39m
2024-05-14 18:40:17:4017 - [32minfo[39m: [32mA aplicação está funcionando na porta: 3000[39m
2024-05-14 18:40:25:4025 - [32minfo[39m: [32mConectou ao banco de dados[39m
2024-05-14 18:40:25:4025 - [32minfo[39m: [32mA aplicação está funcionando na porta: 3000[39m
2024-05-14 18:40:37:4037 - [32minfo[39m: [32mConectou ao banco de dados[39m
2024-05-14 18:40:37:4037 - [32minfo[39m: [32mA aplicação está funcionando na porta: 3000[39m
2024-05-14 18:40:41:4041 - [32minfo[39m: [32mConectou ao banco de dados[39m
2024-05-14 18:40:41:4041 - [32minfo[39m: [32mA aplicação está funcionando na porta: 3000[39m
2024-05-14 18:41:15:4115 - [32minfo[39m: [32mConectou ao banco de dados[39m
2024-05-14 18:41:15:4115 - [32minfo[39m: [32mA aplicação está funcionando na porta: 3000[39m
2024-05-14 18:42:01:421 - [32minfo[39m: [32mConectou ao banco de dados[39m
2024-05-14 18:42:01:421 - [32minfo[39m: [32mA aplicação está funcionando na porta: 3000[39m
2024-05-14 18:42:04:424 - [32minfo[39m: [32mConectou ao banco de dados[39m
2024-05-14 18:42:04:424 - [32minfo[39m: [32mA aplicação está funcionando na porta: 3000[39m
2024-05-14 18:42:09:429 - [32minfo[39m: [32mConectou ao banco de dados[39m
2024-05-14 18:42:09:429 - [32minfo[39m: [32mA aplicação está funcionando na porta: 3000[39m
2024-05-14 18:42:18:4218 - [32minfo[39m: [32mConectou ao banco de dados[39m
2024-05-14 18:42:18:4218 - [32minfo[39m: [32mA aplicação está funcionando na porta: 3000[39m
2024-05-14 18:44:56:4456 - [32minfo[39m: [32mConectou ao banco de dados[39m
2024-05-14 18:44:56:4456 - [32minfo[39m: [32mA aplicação está funcionando na porta: 3000[39m
2024-05-14 18:48:41:4841 - [32minfo[39m: [32mConectou ao banco de dados[39m
2024-05-14 18:48:41:4841 - [32minfo[39m: [32mA aplicação está funcionando na porta: 3000[39m
2024-05-14 18:48:44:4844 - [32minfo[39m: [32mConectou ao banco de dados[39m
2024-05-14 18:48:44:4844 - [32minfo[39m: [32mA aplicação está funcionando na porta: 3000[39m
2024-05-14 18:48:52:4852 - [32minfo[39m: [32mConectou ao banco de dados[39m
2024-05-14 18:48:52:4852 - [32minfo[39m: [32mA aplicação está funcionando na porta: 3000[39m
2024-05-14 18:48:54:4854 - [32minfo[39m: [32mConectou ao banco de dados[39m
2024-05-14 18:48:54:4854 - [32minfo[39m: [32mA aplicação está funcionando na porta: 3000[39m
2024-05-14 18:49:00:490 - [32minfo[39m: [32mConectou ao banco de dados[39m
2024-05-14 18:49:00:490 - [32minfo[39m: [32mA aplicação está funcionando na porta: 3000[39m
2024-05-14 18:49:03:493 - [32minfo[39m: [32mConectou ao banco de dados[39m
2024-05-14 18:49:03:493 - [32minfo[39m: [32mA aplicação está funcionando na porta: 3000[39m
2024-05-14 18:49:10:4910 - [32minfo[39m: [32mConectou ao banco de dados[39m
2024-05-14 18:49:10:4910 - [32minfo[39m: [32mA aplicação está funcionando na porta: 3000[39m
2024-05-14 18:49:16:4916 - [32minfo[39m: [32mConectou ao banco de dados[39m
2024-05-14 18:49:16:4916 - [32minfo[39m: [32mA aplicação está funcionando na porta: 3000[39m
2024-05-14 18:49:21:4921 - [32minfo[39m: [32mConectou ao banco de dados[39m
2024-05-14 18:49:21:4921 - [32minfo[39m: [32mA aplicação está funcionando na porta: 3000[39m
2024-05-14 18:49:28:4928 - [32minfo[39m: [32mConectou ao banco de dados[39m
2024-05-14 18:49:28:4928 - [32minfo[39m: [32mA aplicação está funcionando na porta: 3000[39m
2024-05-14 18:49:31:4931 - [32minfo[39m: [32mConectou ao banco de dados[39m
2024-05-14 18:49:31:4931 - [32minfo[39m: [32mA aplicação está funcionando na porta: 3000[39m
2024-05-14 18:51:09:519 - [32minfo[39m: [32mConectou ao banco de dados[39m
2024-05-14 18:51:09:519 - [32minfo[39m: [32mA aplicação está funcionando na porta: 3000[39m
2024-05-14 18:51:32:5132 - [32minfo[39m: [32mConectou ao banco de dados[39m
2024-05-14 18:51:32:5132 - [32minfo[39m: [32mA aplicação está funcionando na porta: 3000[39m
2024-05-14 18:55:38:5538 - [32minfo[39m: [32mConectou ao banco de dados[39m
2024-05-14 18:55:38:5538 - [32minfo[39m: [32mA aplicação está funcionando na porta: 3000[39m
2024-05-14 18:55:53:5553 - [32minfo[39m: [32mConectou ao banco de dados[39m
2024-05-14 18:55:53:5553 - [32minfo[39m: [32mA aplicação está funcionando na porta: 3000[39m
2024-05-14 18:55:59:5559 - [32minfo[39m: [32mConectou ao banco de dados[39m
2024-05-14 18:55:59:5559 - [32minfo[39m: [32mA aplicação está funcionando na porta: 3000[39m
2024-05-16 17:38:45:3845 - [32minfo[39m: [32mConectou ao banco de dados[39m
2024-05-16 17:38:45:3845 - [32minfo[39m: [32mA aplicação está funcionando na porta: 3000[39m
2024-05-16 17:40:07:407 - [32minfo[39m: [32mConectou ao banco de dados[39m
2024-05-16 17:40:07:407 - [32minfo[39m: [32mA aplicação está funcionando na porta: 3000[39m
2024-05-16 17:40:55:4055 - [32minfo[39m: [32mConectou ao banco de dados[39m
2024-05-16 17:40:55:4055 - [32minfo[39m: [32mA aplicação está funcionando na porta: 3000[39m
2024-05-16 17:41:03:413 - [32minfo[39m: [32mConectou ao banco de dados[39m
2024-05-16 17:41:03:413 - [32minfo[39m: [32mA aplicação está funcionando na porta: 3000[39m
2024-05-16 17:41:09:419 - [32minfo[39m: [32mConectou ao banco de dados[39m
2024-05-16 17:41:09:419 - [32minfo[39m: [32mA aplicação está funcionando na porta: 3000[39m
2024-05-16 17:41:20:4120 - [32minfo[39m: [32mConectou ao banco de dados[39m
2024-05-16 17:41:20:4120 - [32minfo[39m: [32mA aplicação está funcionando na porta: 3000[39m
2024-05-16 17:45:22:4522 - [32minfo[39m: [32mConectou ao banco de dados[39m
2024-05-16 17:45:22:4522 - [32minfo[39m: [32mA aplicação está funcionando na porta: 3000[39m
2024-05-16 17:45:40:4540 - [32minfo[39m: [32mConectou ao banco de dados[39m
2024-05-16 17:45:40:4540 - [32minfo[39m: [32mA aplicação está funcionando na porta: 3000[39m
2024-05-16 17:45:44:4544 - [32minfo[39m: [32mConectou ao banco de dados[39m
2024-05-16 17:45:44:4544 - [32minfo[39m: [32mA aplicação está funcionando na porta: 3000[39m
2024-05-16 17:45:49:4549 - [32minfo[39m: [32mConectou ao banco de dados[39m
2024-05-16 17:45:50:4550 - [32minfo[39m: [32mA aplicação está funcionando na porta: 3000[39m
2024-05-16 17:51:35:5135 - [32minfo[39m: [32mConectou ao banco de dados[39m
2024-05-16 17:51:35:5135 - [32minfo[39m: [32mA aplicação está funcionando na porta: 3000[39m
2024-05-16 17:51:46:5146 - [32minfo[39m: [32mConectou ao banco de dados[39m
2024-05-16 17:51:46:5146 - [32minfo[39m: [32mA aplicação está funcionando na porta: 3000[39m
2024-05-16 17:51:55:5155 - [32minfo[39m: [32mConectou ao banco de dados[39m
2024-05-16 17:51:55:5155 - [32minfo[39m: [32mA aplicação está funcionando na porta: 3000[39m
2024-05-16 17:52:00:520 - [32minfo[39m: [32mConectou ao banco de dados[39m
2024-05-16 17:52:00:520 - [32minfo[39m: [32mA aplicação está funcionando na porta: 3000[39m
2024-05-16 17:52:32:5232 - [32minfo[39m: [32mConectou ao banco de dados[39m
2024-05-16 17:52:32:5232 - [32minfo[39m: [32mA aplicação está funcionando na porta: 3000[39m
2024-05-16 17:52:40:5240 - [32minfo[39m: [32mConectou ao banco de dados[39m
2024-05-16 17:52:40:5240 - [32minfo[39m: [32mA aplicação está funcionando na porta: 3000[39m
2024-05-16 17:52:45:5245 - [32minfo[39m: [32mConectou ao banco de dados[39m
2024-05-16 17:52:45:5245 - [32minfo[39m: [32mA aplicação está funcionando na porta: 3000[39m
2024-05-16 17:52:54:5254 - [32minfo[39m: [32mConectou ao banco de dados[39m
2024-05-16 17:52:54:5254 - [32minfo[39m: [32mA aplicação está funcionando na porta: 3000[39m
2024-05-16 17:53:07:537 - [32minfo[39m: [32mConectou ao banco de dados[39m
2024-05-16 17:53:07:537 - [32minfo[39m: [32mA aplicação está funcionando na porta: 3000[39m
2024-05-16 17:53:30:5330 - [32minfo[39m: [32mConectou ao banco de dados[39m
2024-05-16 17:53:30:5330 - [32minfo[39m: [32mA aplicação está funcionando na porta: 3000[39m
2024-05-16 17:53:39:5339 - [32minfo[39m: [32mConectou ao banco de dados[39m
2024-05-16 17:53:39:5339 - [32minfo[39m: [32mA aplicação está funcionando na porta: 3000[39m
2024-05-16 17:53:43:5343 - [32minfo[39m: [32mConectou ao banco de dados[39m
2024-05-16 17:53:43:5343 - [32minfo[39m: [32mA aplicação está funcionando na porta: 3000[39m
2024-05-16 17:53:55:5355 - [32minfo[39m: [32mConectou ao banco de dados[39m
2024-05-16 17:53:55:5355 - [32minfo[39m: [32mA aplicação está funcionando na porta: 3000[39m
2024-05-16 17:54:04:544 - [32minfo[39m: [32mConectou ao banco de dados[39m
2024-05-16 17:54:04:544 - [32minfo[39m: [32mA aplicação está funcionando na porta: 3000[39m
2024-05-16 17:54:10:5410 - [32minfo[39m: [32mConectou ao banco de dados[39m
2024-05-16 17:54:10:5410 - [32minfo[39m: [32mA aplicação está funcionando na porta: 3000[39m
2024-05-16 17:54:14:5414 - [32minfo[39m: [32mConectou ao banco de dados[39m
2024-05-16 17:54:14:5414 - [32minfo[39m: [32mA aplicação está funcionando na porta: 3000[39m
2024-05-16 17:54:19:5419 - [32minfo[39m: [32mConectou ao banco de dados[39m
2024-05-16 17:54:19:5419 - [32minfo[39m: [32mA aplicação está funcionando na porta: 3000[39m
2024-05-16 17:54:51:5451 - [32minfo[39m: [32mConectou ao banco de dados[39m
2024-05-16 17:54:51:5451 - [32minfo[39m: [32mA aplicação está funcionando na porta: 3000[39m
2024-05-16 17:54:56:5456 - [32minfo[39m: [32mConectou ao banco de dados[39m
2024-05-16 17:54:56:5456 - [32minfo[39m: [32mA aplicação está funcionando na porta: 3000[39m
2024-05-16 17:55:07:557 - [32minfo[39m: [32mConectou ao banco de dados[39m
2024-05-16 17:55:07:557 - [32minfo[39m: [32mA aplicação está funcionando na porta: 3000[39m
